[
  {
    "timestamp": "2026-03-10 08:17:12",
    "type": "APP_STARTED",
    "message": "CipherCore application started",
    "user": "SYSTEM"
  },
  {
    "timestamp": "2026-03-10 08:17:22",
    "type": "CHAT_SUCCESS",
    "message": "Welcome back, haider! \ud83d\udc4b",
    "user": "SYSTEM"
  },
  {
    "timestamp": "2026-03-10 08:42:54",
    "type": "APP_STARTED",
    "message": "CipherCore application started",
    "user": "SYSTEM"
  },
  {
    "timestamp": "2026-03-10 08:43:06",
    "type": "CHAT_SUCCESS",
    "message": "Welcome back, haider! \ud83d\udc4b",
    "user": "SYSTEM"
  },
  {
    "timestamp": "2026-03-10 08:49:24",
    "type": "APP_STARTED",
    "message": "CipherCore application started",
    "user": "SYSTEM"
  },
  {
    "timestamp": "2026-03-10 10:06:47",
    "type": "CHAT_SUCCESS",
    "message": "Welcome back, haider! \ud83d\udc4b",
    "user": "SYSTEM"
  },
  {
    "timestamp": "2026-03-10 10:36:43",
    "type": "APP_STARTED",
    "message": "CipherCore application started",
    "user": "SYSTEM"
  },
  {
    "timestamp": "2026-03-10 10:36:55",
    "type": "CHAT_SUCCESS",
    "message": "Welcome back, haider! \ud83d\udc4b",
    "user": "SYSTEM"
  },
  {
    "timestamp": "2026-03-10 11:05:45",
    "type": "APP_STARTED",
    "message": "CipherCore application started",
    "user": "SYSTEM"
  },
  {
    "timestamp": "2026-03-10 11:05:57",
    "type": "CHAT_SUCCESS",
    "message": "Welcome back, haider! \ud83d\udc4b",
    "user": "SYSTEM"
  }
]